<?xml version="1.0" encoding="UTF-8"?>
<testng-results skipped="0" failed="0" ignored="0" total="3" passed="3">
  <reporter-output>
  </reporter-output>
  <suite name="testsuite" duration-ms="70281" started-at="2021-06-16T13:14:15Z" finished-at="2021-06-16T13:15:26Z">
    <groups>
      <group name="regression">
        <method signature="TestSuite.verifyProductAddedToShoppingCartSuccessFully()[pri:0, instance:com.nopcommerce.demo.computer.TestSuite@4cc0edeb]" name="verifyProductAddedToShoppingCartSuccessFully" class="com.nopcommerce.demo.computer.TestSuite"/>
        <method signature="TestSuite.verifyProductArrangeInAlphaBaticalOrder()[pri:0, instance:com.nopcommerce.demo.computer.TestSuite@4cc0edeb]" name="verifyProductArrangeInAlphaBaticalOrder" class="com.nopcommerce.demo.computer.TestSuite"/>
        <method signature="TopMenuTest.selectMenuAndClick()[pri:0, instance:com.nopcommerce.demo.homePage.TopMenuTest@457e2f02]" name="selectMenuAndClick" class="com.nopcommerce.demo.homePage.TopMenuTest"/>
      </group> <!-- regression -->
      <group name="smoke">
        <method signature="TestSuite.verifyProductArrangeInAlphaBaticalOrder()[pri:0, instance:com.nopcommerce.demo.computer.TestSuite@4cc0edeb]" name="verifyProductArrangeInAlphaBaticalOrder" class="com.nopcommerce.demo.computer.TestSuite"/>
        <method signature="TopMenuTest.selectMenuAndClick()[pri:0, instance:com.nopcommerce.demo.homePage.TopMenuTest@457e2f02]" name="selectMenuAndClick" class="com.nopcommerce.demo.homePage.TopMenuTest"/>
      </group> <!-- smoke -->
      <group name="sanity">
        <method signature="TestSuite.verifyProductAddedToShoppingCartSuccessFully()[pri:0, instance:com.nopcommerce.demo.computer.TestSuite@4cc0edeb]" name="verifyProductAddedToShoppingCartSuccessFully" class="com.nopcommerce.demo.computer.TestSuite"/>
        <method signature="TestSuite.verifyProductArrangeInAlphaBaticalOrder()[pri:0, instance:com.nopcommerce.demo.computer.TestSuite@4cc0edeb]" name="verifyProductArrangeInAlphaBaticalOrder" class="com.nopcommerce.demo.computer.TestSuite"/>
      </group> <!-- sanity -->
    </groups>
    <test name="regression Test" duration-ms="70281" started-at="2021-06-16T13:14:15Z" finished-at="2021-06-16T13:15:26Z">
      <class name="com.nopcommerce.demo.computer.TestSuite">
        <test-method status="PASS" signature="setUp()[pri:0, instance:com.nopcommerce.demo.computer.TestSuite@4cc0edeb]" name="setUp" is-config="true" duration-ms="10389" started-at="2021-06-16T13:14:16Z" finished-at="2021-06-16T13:14:26Z">
          <reporter-output>
          </reporter-output>
        </test-method> <!-- setUp -->
        <test-method status="PASS" signature="verifyProductAddedToShoppingCartSuccessFully()[pri:0, instance:com.nopcommerce.demo.computer.TestSuite@4cc0edeb]" name="verifyProductAddedToShoppingCartSuccessFully" duration-ms="30755" started-at="2021-06-16T13:14:26Z" finished-at="2021-06-16T13:14:57Z">
          <reporter-output>
          </reporter-output>
        </test-method> <!-- verifyProductAddedToShoppingCartSuccessFully -->
        <test-method status="PASS" signature="tearDown()[pri:0, instance:com.nopcommerce.demo.computer.TestSuite@4cc0edeb]" name="tearDown" is-config="true" duration-ms="1031" started-at="2021-06-16T13:14:57Z" finished-at="2021-06-16T13:14:58Z">
          <reporter-output>
          </reporter-output>
        </test-method> <!-- tearDown -->
        <test-method status="PASS" signature="setUp()[pri:0, instance:com.nopcommerce.demo.computer.TestSuite@4cc0edeb]" name="setUp" is-config="true" duration-ms="6276" started-at="2021-06-16T13:14:58Z" finished-at="2021-06-16T13:15:04Z">
          <reporter-output>
          </reporter-output>
        </test-method> <!-- setUp -->
        <test-method status="PASS" signature="verifyProductArrangeInAlphaBaticalOrder()[pri:0, instance:com.nopcommerce.demo.computer.TestSuite@4cc0edeb]" name="verifyProductArrangeInAlphaBaticalOrder" duration-ms="11691" started-at="2021-06-16T13:15:04Z" finished-at="2021-06-16T13:15:16Z">
          <reporter-output>
          </reporter-output>
        </test-method> <!-- verifyProductArrangeInAlphaBaticalOrder -->
        <test-method status="PASS" signature="tearDown()[pri:0, instance:com.nopcommerce.demo.computer.TestSuite@4cc0edeb]" name="tearDown" is-config="true" duration-ms="1191" started-at="2021-06-16T13:15:16Z" finished-at="2021-06-16T13:15:17Z">
          <reporter-output>
          </reporter-output>
        </test-method> <!-- tearDown -->
      </class> <!-- com.nopcommerce.demo.computer.TestSuite -->
      <class name="com.nopcommerce.demo.homePage.TopMenuTest">
        <test-method status="PASS" signature="setUp()[pri:0, instance:com.nopcommerce.demo.homePage.TopMenuTest@457e2f02]" name="setUp" is-config="true" duration-ms="5680" started-at="2021-06-16T13:15:17Z" finished-at="2021-06-16T13:15:23Z">
          <reporter-output>
          </reporter-output>
        </test-method> <!-- setUp -->
        <test-method status="PASS" signature="selectMenuAndClick()[pri:0, instance:com.nopcommerce.demo.homePage.TopMenuTest@457e2f02]" name="selectMenuAndClick" duration-ms="2332" started-at="2021-06-16T13:15:23Z" finished-at="2021-06-16T13:15:25Z">
          <reporter-output>
          </reporter-output>
        </test-method> <!-- selectMenuAndClick -->
        <test-method status="PASS" signature="tearDown()[pri:0, instance:com.nopcommerce.demo.homePage.TopMenuTest@457e2f02]" name="tearDown" is-config="true" duration-ms="853" started-at="2021-06-16T13:15:25Z" finished-at="2021-06-16T13:15:26Z">
          <reporter-output>
          </reporter-output>
        </test-method> <!-- tearDown -->
      </class> <!-- com.nopcommerce.demo.homePage.TopMenuTest -->
    </test> <!-- regression Test -->
  </suite> <!-- testsuite -->
</testng-results>
