<?xml version="1.0" encoding="UTF-8"?>
<!-- Generated by org.testng.reporters.JUnitXMLReporter -->
<testsuite hostname="LAPTOP-K2RFLLMD" ignored="0" name="regression Test" tests="3" failures="0" timestamp="16 Jun 2021 13:15:26 GMT" time="70.281" errors="0">
  <testcase name="verifyProductAddedToShoppingCartSuccessFully" time="30.755" classname="com.nopcommerce.demo.computer.TestSuite"/>
  <testcase name="verifyProductArrangeInAlphaBaticalOrder" time="11.691" classname="com.nopcommerce.demo.computer.TestSuite"/>
  <testcase name="selectMenuAndClick" time="2.332" classname="com.nopcommerce.demo.homePage.TopMenuTest"/>
</testsuite> <!-- regression Test -->
